2019-03-10 10:10:49,823 INFO     H:\chenchaohong\python3.7.1\lib\site-packages\django\core\servers\basehttp.py[line:136] "OPTIONS /backend/user/ HTTP/1.1" 200 0
2019-03-10 10:10:50,147 INFO     H:\chenchaohong\python3.7.1\lib\site-packages\django\core\servers\basehttp.py[line:136] "GET /backend/user/ HTTP/1.1" 200 72
2019-03-10 10:20:07,600 INFO     H:\chenchaohong\python3.7.1\lib\site-packages\django\core\servers\basehttp.py[line:136] "GET /backend/user/ HTTP/1.1" 200 72
2019-03-10 10:21:01,535 INFO     H:\chenchaohong\python3.7.1\lib\site-packages\django\core\servers\basehttp.py[line:136] "OPTIONS /backend/user/ HTTP/1.1" 200 0
2019-03-10 10:21:01,553 INFO     H:\chenchaohong\python3.7.1\lib\site-packages\django\core\servers\basehttp.py[line:136] "GET /backend/user/ HTTP/1.1" 200 72
2019-03-10 10:22:56,357 INFO     H:\chenchaohong\python3.7.1\lib\site-packages\django\core\servers\basehttp.py[line:136] "GET /backend/user/ HTTP/1.1" 200 72
2019-03-10 10:23:35,064 INFO     H:\chenchaohong\python3.7.1\lib\site-packages\django\core\servers\basehttp.py[line:136] "GET /backend/user/ HTTP/1.1" 200 72
2019-03-10 10:23:49,365 INFO     H:\chenchaohong\python3.7.1\lib\site-packages\django\core\servers\basehttp.py[line:136] "GET /backend/user/ HTTP/1.1" 200 72
2019-03-10 10:27:57,499 INFO     H:\chenchaohong\python3.7.1\lib\site-packages\django\core\servers\basehttp.py[line:136] "OPTIONS /backend/user/ HTTP/1.1" 200 0
2019-03-10 10:27:58,191 INFO     H:\chenchaohong\python3.7.1\lib\site-packages\django\core\servers\basehttp.py[line:136] "GET /backend/user/ HTTP/1.1" 200 72
2019-03-10 10:28:29,750 INFO     H:\chenchaohong\python3.7.1\lib\site-packages\django\core\servers\basehttp.py[line:136] "OPTIONS /backend/user/ HTTP/1.1" 200 0
2019-03-10 10:28:30,404 INFO     H:\chenchaohong\python3.7.1\lib\site-packages\django\core\servers\basehttp.py[line:136] "GET /backend/user/ HTTP/1.1" 200 72
2019-03-10 10:28:41,262 INFO     H:\chenchaohong\python3.7.1\lib\site-packages\django\core\servers\basehttp.py[line:136] "OPTIONS /backend/user/ HTTP/1.1" 200 0
2019-03-10 10:28:41,812 INFO     H:\chenchaohong\python3.7.1\lib\site-packages\django\core\servers\basehttp.py[line:136] "GET /backend/user/ HTTP/1.1" 200 72
2019-03-10 10:29:28,222 INFO     H:\chenchaohong\python3.7.1\lib\site-packages\django\core\servers\basehttp.py[line:136] "OPTIONS /backend/user/ HTTP/1.1" 200 0
2019-03-10 10:29:28,258 INFO     H:\chenchaohong\python3.7.1\lib\site-packages\django\core\servers\basehttp.py[line:136] "GET /backend/user/ HTTP/1.1" 200 72
2019-03-10 10:30:10,695 INFO     H:\chenchaohong\python3.7.1\lib\site-packages\django\core\servers\basehttp.py[line:136] "OPTIONS /backend/user/ HTTP/1.1" 200 0
2019-03-10 10:30:11,227 INFO     H:\chenchaohong\python3.7.1\lib\site-packages\django\core\servers\basehttp.py[line:136] "GET /backend/user/ HTTP/1.1" 200 72
2019-03-10 11:26:13,735 INFO     H:\chenchaohong\python3.7.1\lib\site-packages\django\core\servers\basehttp.py[line:136] "OPTIONS /backend/user/ HTTP/1.1" 200 0
2019-03-10 11:26:13,815 INFO     H:\chenchaohong\python3.7.1\lib\site-packages\django\core\servers\basehttp.py[line:136] "GET /backend/user/ HTTP/1.1" 200 72
2019-03-10 11:33:44,424 INFO     H:\chenchaohong\python3.7.1\lib\site-packages\django\core\servers\basehttp.py[line:136] "OPTIONS /backend/user/ HTTP/1.1" 200 0
2019-03-10 11:33:44,504 INFO     H:\chenchaohong\python3.7.1\lib\site-packages\django\core\servers\basehttp.py[line:136] "GET /backend/user/ HTTP/1.1" 200 72
2019-03-10 11:34:21,828 INFO     H:\chenchaohong\python3.7.1\lib\site-packages\django\core\servers\basehttp.py[line:136] "OPTIONS /backend/user/ HTTP/1.1" 200 0
2019-03-10 11:34:21,891 INFO     H:\chenchaohong\python3.7.1\lib\site-packages\django\core\servers\basehttp.py[line:136] "GET /backend/user/ HTTP/1.1" 200 72
2019-03-10 11:34:46,032 INFO     H:\chenchaohong\python3.7.1\lib\site-packages\django\core\servers\basehttp.py[line:136] "OPTIONS /backend/user/ HTTP/1.1" 200 0
2019-03-10 11:34:46,642 INFO     H:\chenchaohong\python3.7.1\lib\site-packages\django\core\servers\basehttp.py[line:136] "GET /backend/user/ HTTP/1.1" 200 72
2019-03-10 11:35:48,591 INFO     H:\chenchaohong\python3.7.1\lib\site-packages\django\core\servers\basehttp.py[line:136] "OPTIONS /backend/user/ HTTP/1.1" 200 0
2019-03-10 11:35:49,641 INFO     H:\chenchaohong\python3.7.1\lib\site-packages\django\core\servers\basehttp.py[line:136] "GET /backend/user/ HTTP/1.1" 200 72
2019-03-10 11:37:00,826 INFO     H:\chenchaohong\python3.7.1\lib\site-packages\django\core\servers\basehttp.py[line:136] "OPTIONS /backend/user/ HTTP/1.1" 200 0
2019-03-10 11:37:01,568 INFO     H:\chenchaohong\python3.7.1\lib\site-packages\django\core\servers\basehttp.py[line:136] "GET /backend/user/ HTTP/1.1" 200 72
2019-03-10 11:37:09,148 INFO     H:\chenchaohong\python3.7.1\lib\site-packages\django\core\servers\basehttp.py[line:136] "OPTIONS /backend/user/ HTTP/1.1" 200 0
2019-03-10 11:37:10,110 INFO     H:\chenchaohong\python3.7.1\lib\site-packages\django\core\servers\basehttp.py[line:136] "GET /backend/user/ HTTP/1.1" 200 72
2019-03-10 11:39:02,419 INFO     H:\chenchaohong\python3.7.1\lib\site-packages\django\core\servers\basehttp.py[line:136] "OPTIONS /backend/user/ HTTP/1.1" 200 0
2019-03-10 11:39:02,527 INFO     H:\chenchaohong\python3.7.1\lib\site-packages\django\core\servers\basehttp.py[line:136] "GET /backend/user/ HTTP/1.1" 200 72
2019-03-10 11:42:10,846 INFO     H:\chenchaohong\python3.7.1\lib\site-packages\django\core\servers\basehttp.py[line:136] "OPTIONS /backend/user/ HTTP/1.1" 200 0
2019-03-10 11:42:11,464 INFO     H:\chenchaohong\python3.7.1\lib\site-packages\django\core\servers\basehttp.py[line:136] "GET /backend/user/ HTTP/1.1" 200 72
2019-03-10 11:42:18,286 INFO     H:\chenchaohong\python3.7.1\lib\site-packages\django\core\servers\basehttp.py[line:136] "OPTIONS /backend/user/ HTTP/1.1" 200 0
2019-03-10 11:42:18,861 INFO     H:\chenchaohong\python3.7.1\lib\site-packages\django\core\servers\basehttp.py[line:136] "GET /backend/user/ HTTP/1.1" 200 72
2019-03-10 11:42:24,678 INFO     H:\chenchaohong\python3.7.1\lib\site-packages\django\core\servers\basehttp.py[line:136] "OPTIONS /backend/user/ HTTP/1.1" 200 0
2019-03-10 11:42:25,218 INFO     H:\chenchaohong\python3.7.1\lib\site-packages\django\core\servers\basehttp.py[line:136] "GET /backend/user/ HTTP/1.1" 200 72
2019-03-10 11:42:31,036 INFO     H:\chenchaohong\python3.7.1\lib\site-packages\django\core\servers\basehttp.py[line:136] "OPTIONS /backend/user/ HTTP/1.1" 200 0
2019-03-10 11:42:31,826 INFO     H:\chenchaohong\python3.7.1\lib\site-packages\django\core\servers\basehttp.py[line:136] "GET /backend/user/ HTTP/1.1" 200 72
2019-03-10 11:43:15,937 INFO     H:\chenchaohong\python3.7.1\lib\site-packages\django\core\servers\basehttp.py[line:136] "OPTIONS /backend/user/ HTTP/1.1" 200 0
2019-03-10 11:43:16,484 INFO     H:\chenchaohong\python3.7.1\lib\site-packages\django\core\servers\basehttp.py[line:136] "GET /backend/user/ HTTP/1.1" 200 72
2019-03-10 11:43:27,617 INFO     H:\chenchaohong\python3.7.1\lib\site-packages\django\core\servers\basehttp.py[line:136] "OPTIONS /backend/user/ HTTP/1.1" 200 0
2019-03-10 11:43:28,218 INFO     H:\chenchaohong\python3.7.1\lib\site-packages\django\core\servers\basehttp.py[line:136] "GET /backend/user/ HTTP/1.1" 200 72
2019-03-10 11:43:49,270 INFO     H:\chenchaohong\python3.7.1\lib\site-packages\django\core\servers\basehttp.py[line:136] "OPTIONS /backend/user/ HTTP/1.1" 200 0
2019-03-10 11:43:49,754 INFO     H:\chenchaohong\python3.7.1\lib\site-packages\django\core\servers\basehttp.py[line:136] "GET /backend/user/ HTTP/1.1" 200 72
2019-03-10 11:44:27,214 INFO     H:\chenchaohong\python3.7.1\lib\site-packages\django\core\servers\basehttp.py[line:136] "OPTIONS /backend/user/ HTTP/1.1" 200 0
2019-03-10 11:44:27,899 INFO     H:\chenchaohong\python3.7.1\lib\site-packages\django\core\servers\basehttp.py[line:136] "GET /backend/user/ HTTP/1.1" 200 72
2019-03-10 11:45:35,281 INFO     H:\chenchaohong\python3.7.1\lib\site-packages\django\core\servers\basehttp.py[line:136] "OPTIONS /backend/user/ HTTP/1.1" 200 0
2019-03-10 11:45:36,299 INFO     H:\chenchaohong\python3.7.1\lib\site-packages\django\core\servers\basehttp.py[line:136] "GET /backend/user/ HTTP/1.1" 200 72
2019-03-10 11:45:43,468 INFO     H:\chenchaohong\python3.7.1\lib\site-packages\django\core\servers\basehttp.py[line:136] "OPTIONS /backend/user/ HTTP/1.1" 200 0
2019-03-10 11:45:44,049 INFO     H:\chenchaohong\python3.7.1\lib\site-packages\django\core\servers\basehttp.py[line:136] "GET /backend/user/ HTTP/1.1" 200 72
2019-03-10 11:46:19,687 INFO     H:\chenchaohong\python3.7.1\lib\site-packages\django\core\servers\basehttp.py[line:136] "OPTIONS /backend/user/ HTTP/1.1" 200 0
2019-03-10 11:46:20,806 INFO     H:\chenchaohong\python3.7.1\lib\site-packages\django\core\servers\basehttp.py[line:136] "GET /backend/user/ HTTP/1.1" 200 72
2019-03-10 11:47:45,278 INFO     H:\chenchaohong\python3.7.1\lib\site-packages\django\core\servers\basehttp.py[line:136] "OPTIONS /backend/user/ HTTP/1.1" 200 0
2019-03-10 11:47:45,739 INFO     H:\chenchaohong\python3.7.1\lib\site-packages\django\core\servers\basehttp.py[line:136] "GET /backend/user/ HTTP/1.1" 200 72
2019-03-10 11:47:48,466 INFO     H:\chenchaohong\python3.7.1\lib\site-packages\django\core\servers\basehttp.py[line:136] "OPTIONS /backend/user/ HTTP/1.1" 200 0
2019-03-10 11:47:48,924 INFO     H:\chenchaohong\python3.7.1\lib\site-packages\django\core\servers\basehttp.py[line:136] "GET /backend/user/ HTTP/1.1" 200 72
2019-03-10 11:48:00,162 INFO     H:\chenchaohong\python3.7.1\lib\site-packages\django\core\servers\basehttp.py[line:136] "OPTIONS /backend/user/ HTTP/1.1" 200 0
2019-03-10 11:48:00,923 INFO     H:\chenchaohong\python3.7.1\lib\site-packages\django\core\servers\basehttp.py[line:136] "GET /backend/user/ HTTP/1.1" 200 72
2019-03-10 11:49:01,795 INFO     H:\chenchaohong\python3.7.1\lib\site-packages\django\core\servers\basehttp.py[line:136] "OPTIONS /backend/user/ HTTP/1.1" 200 0
2019-03-10 11:49:01,877 INFO     H:\chenchaohong\python3.7.1\lib\site-packages\django\core\servers\basehttp.py[line:136] "GET /backend/user/ HTTP/1.1" 200 72
2019-03-10 11:49:44,625 INFO     H:\chenchaohong\python3.7.1\lib\site-packages\django\core\servers\basehttp.py[line:136] "OPTIONS /backend/user/ HTTP/1.1" 200 0
2019-03-10 11:49:45,517 INFO     H:\chenchaohong\python3.7.1\lib\site-packages\django\core\servers\basehttp.py[line:136] "GET /backend/user/ HTTP/1.1" 200 72
2019-03-10 11:50:19,468 INFO     H:\chenchaohong\python3.7.1\lib\site-packages\django\core\servers\basehttp.py[line:136] "OPTIONS /backend/user/ HTTP/1.1" 200 0
2019-03-10 11:50:19,507 INFO     H:\chenchaohong\python3.7.1\lib\site-packages\django\core\servers\basehttp.py[line:136] "GET /backend/user/ HTTP/1.1" 200 72
2019-03-10 11:51:08,000 INFO     H:\chenchaohong\python3.7.1\lib\site-packages\django\core\servers\basehttp.py[line:136] "OPTIONS /backend/user/ HTTP/1.1" 200 0
2019-03-10 11:51:08,590 INFO     H:\chenchaohong\python3.7.1\lib\site-packages\django\core\servers\basehttp.py[line:136] "GET /backend/user/ HTTP/1.1" 200 72
2019-03-10 12:04:41,109 INFO     H:\chenchaohong\python3.7.1\lib\site-packages\django\core\servers\basehttp.py[line:136] "OPTIONS /backend/user/ HTTP/1.1" 200 0
2019-03-10 12:04:41,784 INFO     H:\chenchaohong\python3.7.1\lib\site-packages\django\core\servers\basehttp.py[line:136] "GET /backend/user/ HTTP/1.1" 200 72
2019-03-10 12:05:16,093 INFO     H:\chenchaohong\python3.7.1\lib\site-packages\django\core\servers\basehttp.py[line:136] "OPTIONS /backend/user/ HTTP/1.1" 200 0
2019-03-10 12:05:16,582 INFO     H:\chenchaohong\python3.7.1\lib\site-packages\django\core\servers\basehttp.py[line:136] "GET /backend/user/ HTTP/1.1" 200 72
2019-03-10 12:05:50,062 INFO     H:\chenchaohong\python3.7.1\lib\site-packages\django\core\servers\basehttp.py[line:136] "OPTIONS /backend/user/ HTTP/1.1" 200 0
2019-03-10 12:05:50,123 INFO     H:\chenchaohong\python3.7.1\lib\site-packages\django\core\servers\basehttp.py[line:136] "GET /backend/user/ HTTP/1.1" 200 72
2019-03-10 12:08:04,010 INFO     H:\chenchaohong\python3.7.1\lib\site-packages\django\core\servers\basehttp.py[line:136] "OPTIONS /backend/services/ HTTP/1.1" 200 0
2019-03-10 12:08:04,014 INFO     H:\chenchaohong\python3.7.1\lib\site-packages\django\core\servers\basehttp.py[line:136] "OPTIONS /backend/user/ HTTP/1.1" 200 0
2019-03-10 12:08:04,570 INFO     H:\chenchaohong\python3.7.1\lib\site-packages\django\core\servers\basehttp.py[line:136] "GET /backend/user/ HTTP/1.1" 200 72
2019-03-10 12:08:04,606 INFO     H:\chenchaohong\python3.7.1\lib\site-packages\django\core\servers\basehttp.py[line:136] "GET /backend/services/ HTTP/1.1" 200 75
2019-03-10 12:09:05,706 INFO     H:\chenchaohong\python3.7.1\lib\site-packages\django\core\servers\basehttp.py[line:136] "OPTIONS /backend/services/ HTTP/1.1" 200 0
2019-03-10 12:09:05,711 INFO     H:\chenchaohong\python3.7.1\lib\site-packages\django\core\servers\basehttp.py[line:136] "OPTIONS /backend/user/ HTTP/1.1" 200 0
2019-03-10 12:09:06,218 INFO     H:\chenchaohong\python3.7.1\lib\site-packages\django\core\servers\basehttp.py[line:136] "GET /backend/services/ HTTP/1.1" 200 44
2019-03-10 12:09:06,223 INFO     H:\chenchaohong\python3.7.1\lib\site-packages\django\core\servers\basehttp.py[line:136] "GET /backend/user/ HTTP/1.1" 200 72
2019-03-10 12:35:51,037 INFO     H:\chenchaohong\python3.7.1\lib\site-packages\django\core\servers\basehttp.py[line:136] "PUT /backend/services/ HTTP/1.1" 200 75
2019-03-10 12:35:51,039 INFO     H:\chenchaohong\python3.7.1\lib\site-packages\django\core\servers\basehttp.py[line:136] code 400, message Bad request syntax ('{')
2019-03-10 12:35:51,039 WARNING  H:\chenchaohong\python3.7.1\lib\site-packages\django\core\servers\basehttp.py[line:136] "{" 400 -
